{"/Users/dlatheron/Development/random-api/src/ApiPoller.ts": {"path":"/Users/dlatheron/Development/random-api/src/ApiPoller.ts","all":false,"statementMap":{"0":{"start":{"line":1,"column":0},"end":{"line":1,"column":26}},"1":{"start":{"line":2,"column":0},"end":{"line":2,"column":44}},"2":{"start":{"line":3,"column":0},"end":{"line":3,"column":46}},"3":{"start":{"line":4,"column":0},"end":{"line":4,"column":0}},"4":{"start":{"line":5,"column":0},"end":{"line":5,"column":34}},"5":{"start":{"line":6,"column":0},"end":{"line":6,"column":25}},"6":{"start":{"line":7,"column":0},"end":{"line":7,"column":25}},"7":{"start":{"line":8,"column":0},"end":{"line":8,"column":0}},"8":{"start":{"line":9,"column":0},"end":{"line":9,"column":36}},"9":{"start":{"line":10,"column":0},"end":{"line":10,"column":25}},"10":{"start":{"line":11,"column":0},"end":{"line":11,"column":31}},"11":{"start":{"line":12,"column":0},"end":{"line":12,"column":1}},"12":{"start":{"line":13,"column":0},"end":{"line":13,"column":0}},"13":{"start":{"line":14,"column":0},"end":{"line":14,"column":33}},"14":{"start":{"line":15,"column":0},"end":{"line":15,"column":22}},"15":{"start":{"line":16,"column":0},"end":{"line":16,"column":19}},"16":{"start":{"line":17,"column":0},"end":{"line":17,"column":16}},"17":{"start":{"line":18,"column":0},"end":{"line":18,"column":16}},"18":{"start":{"line":19,"column":0},"end":{"line":19,"column":1}},"19":{"start":{"line":20,"column":0},"end":{"line":20,"column":0}},"20":{"start":{"line":21,"column":0},"end":{"line":21,"column":31}},"21":{"start":{"line":22,"column":0},"end":{"line":22,"column":20}},"22":{"start":{"line":23,"column":0},"end":{"line":23,"column":17}},"23":{"start":{"line":24,"column":0},"end":{"line":24,"column":19}},"24":{"start":{"line":25,"column":0},"end":{"line":25,"column":1}},"25":{"start":{"line":26,"column":0},"end":{"line":26,"column":0}},"26":{"start":{"line":27,"column":0},"end":{"line":27,"column":66}},"27":{"start":{"line":28,"column":0},"end":{"line":28,"column":0}},"28":{"start":{"line":29,"column":0},"end":{"line":29,"column":95}},"29":{"start":{"line":30,"column":0},"end":{"line":30,"column":41}},"30":{"start":{"line":31,"column":0},"end":{"line":31,"column":1}},"31":{"start":{"line":32,"column":0},"end":{"line":32,"column":0}},"32":{"start":{"line":33,"column":0},"end":{"line":33,"column":91}},"33":{"start":{"line":34,"column":0},"end":{"line":34,"column":39}},"34":{"start":{"line":35,"column":0},"end":{"line":35,"column":1}},"35":{"start":{"line":36,"column":0},"end":{"line":36,"column":0}},"36":{"start":{"line":37,"column":0},"end":{"line":37,"column":35}},"37":{"start":{"line":38,"column":0},"end":{"line":38,"column":66}},"38":{"start":{"line":39,"column":0},"end":{"line":39,"column":1}},"39":{"start":{"line":40,"column":0},"end":{"line":40,"column":0}},"40":{"start":{"line":41,"column":0},"end":{"line":41,"column":24}},"41":{"start":{"line":42,"column":0},"end":{"line":42,"column":45}},"42":{"start":{"line":43,"column":0},"end":{"line":43,"column":0}},"43":{"start":{"line":44,"column":0},"end":{"line":44,"column":40}},"44":{"start":{"line":45,"column":0},"end":{"line":45,"column":22}},"45":{"start":{"line":46,"column":0},"end":{"line":46,"column":0}},"46":{"start":{"line":47,"column":0},"end":{"line":47,"column":34}},"47":{"start":{"line":48,"column":0},"end":{"line":48,"column":33}},"48":{"start":{"line":49,"column":0},"end":{"line":49,"column":22}},"49":{"start":{"line":50,"column":0},"end":{"line":50,"column":35}},"50":{"start":{"line":51,"column":0},"end":{"line":51,"column":6}},"51":{"start":{"line":52,"column":0},"end":{"line":52,"column":0}},"52":{"start":{"line":53,"column":0},"end":{"line":53,"column":42}},"53":{"start":{"line":54,"column":0},"end":{"line":54,"column":28}},"54":{"start":{"line":55,"column":0},"end":{"line":55,"column":0}},"55":{"start":{"line":56,"column":0},"end":{"line":56,"column":27}},"56":{"start":{"line":57,"column":0},"end":{"line":57,"column":32}},"57":{"start":{"line":58,"column":0},"end":{"line":58,"column":21}},"58":{"start":{"line":59,"column":0},"end":{"line":59,"column":32}},"59":{"start":{"line":60,"column":0},"end":{"line":60,"column":10}},"60":{"start":{"line":61,"column":0},"end":{"line":61,"column":0}},"61":{"start":{"line":62,"column":0},"end":{"line":62,"column":26}},"62":{"start":{"line":63,"column":0},"end":{"line":63,"column":47}},"63":{"start":{"line":64,"column":0},"end":{"line":64,"column":39}},"64":{"start":{"line":65,"column":0},"end":{"line":65,"column":9}},"65":{"start":{"line":66,"column":0},"end":{"line":66,"column":5}},"66":{"start":{"line":67,"column":0},"end":{"line":67,"column":0}},"67":{"start":{"line":68,"column":0},"end":{"line":68,"column":13}},"68":{"start":{"line":69,"column":0},"end":{"line":69,"column":31}},"69":{"start":{"line":70,"column":0},"end":{"line":70,"column":0}},"70":{"start":{"line":71,"column":0},"end":{"line":71,"column":91}},"71":{"start":{"line":72,"column":0},"end":{"line":72,"column":5}},"72":{"start":{"line":73,"column":0},"end":{"line":73,"column":0}},"73":{"start":{"line":74,"column":0},"end":{"line":74,"column":12}},"74":{"start":{"line":75,"column":0},"end":{"line":75,"column":27}},"75":{"start":{"line":76,"column":0},"end":{"line":76,"column":29}},"76":{"start":{"line":77,"column":0},"end":{"line":77,"column":5}},"77":{"start":{"line":78,"column":0},"end":{"line":78,"column":0}},"78":{"start":{"line":79,"column":0},"end":{"line":79,"column":18}},"79":{"start":{"line":80,"column":0},"end":{"line":80,"column":45}},"80":{"start":{"line":81,"column":0},"end":{"line":81,"column":23}},"81":{"start":{"line":82,"column":0},"end":{"line":82,"column":71}},"82":{"start":{"line":83,"column":0},"end":{"line":83,"column":5}},"83":{"start":{"line":84,"column":0},"end":{"line":84,"column":0}},"84":{"start":{"line":85,"column":0},"end":{"line":85,"column":23}},"85":{"start":{"line":86,"column":0},"end":{"line":86,"column":45}},"86":{"start":{"line":87,"column":0},"end":{"line":87,"column":34}},"87":{"start":{"line":88,"column":0},"end":{"line":88,"column":46}},"88":{"start":{"line":89,"column":0},"end":{"line":89,"column":5}},"89":{"start":{"line":90,"column":0},"end":{"line":90,"column":0}},"90":{"start":{"line":91,"column":0},"end":{"line":91,"column":53}},"91":{"start":{"line":92,"column":0},"end":{"line":92,"column":64}},"92":{"start":{"line":93,"column":0},"end":{"line":93,"column":60}},"93":{"start":{"line":94,"column":0},"end":{"line":94,"column":0}},"94":{"start":{"line":95,"column":0},"end":{"line":95,"column":57}},"95":{"start":{"line":96,"column":0},"end":{"line":96,"column":32}},"96":{"start":{"line":97,"column":0},"end":{"line":97,"column":0}},"97":{"start":{"line":98,"column":0},"end":{"line":98,"column":74}},"98":{"start":{"line":99,"column":0},"end":{"line":99,"column":114}},"99":{"start":{"line":100,"column":0},"end":{"line":100,"column":35}},"100":{"start":{"line":101,"column":0},"end":{"line":101,"column":9}},"101":{"start":{"line":102,"column":0},"end":{"line":102,"column":5}},"102":{"start":{"line":103,"column":0},"end":{"line":103,"column":0}},"103":{"start":{"line":104,"column":0},"end":{"line":104,"column":29}},"104":{"start":{"line":105,"column":0},"end":{"line":105,"column":91}},"105":{"start":{"line":106,"column":0},"end":{"line":106,"column":0}},"106":{"start":{"line":107,"column":0},"end":{"line":107,"column":22}},"107":{"start":{"line":108,"column":0},"end":{"line":108,"column":0}},"108":{"start":{"line":109,"column":0},"end":{"line":109,"column":21}},"109":{"start":{"line":110,"column":0},"end":{"line":110,"column":17}},"110":{"start":{"line":111,"column":0},"end":{"line":111,"column":108}},"111":{"start":{"line":112,"column":0},"end":{"line":112,"column":64}},"112":{"start":{"line":113,"column":0},"end":{"line":113,"column":71}},"113":{"start":{"line":114,"column":0},"end":{"line":114,"column":17}},"114":{"start":{"line":115,"column":0},"end":{"line":115,"column":0}},"115":{"start":{"line":116,"column":0},"end":{"line":116,"column":41}},"116":{"start":{"line":117,"column":0},"end":{"line":117,"column":54}},"117":{"start":{"line":118,"column":0},"end":{"line":118,"column":48}},"118":{"start":{"line":119,"column":0},"end":{"line":119,"column":32}},"119":{"start":{"line":120,"column":0},"end":{"line":120,"column":123}},"120":{"start":{"line":121,"column":0},"end":{"line":121,"column":0}},"121":{"start":{"line":122,"column":0},"end":{"line":122,"column":73}},"122":{"start":{"line":123,"column":0},"end":{"line":123,"column":0}},"123":{"start":{"line":124,"column":0},"end":{"line":124,"column":33}},"124":{"start":{"line":125,"column":0},"end":{"line":125,"column":21}},"125":{"start":{"line":126,"column":0},"end":{"line":126,"column":0}},"126":{"start":{"line":127,"column":0},"end":{"line":127,"column":53}},"127":{"start":{"line":128,"column":0},"end":{"line":128,"column":63}},"128":{"start":{"line":129,"column":0},"end":{"line":129,"column":60}},"129":{"start":{"line":130,"column":0},"end":{"line":130,"column":27}},"130":{"start":{"line":131,"column":0},"end":{"line":131,"column":17}},"131":{"start":{"line":132,"column":0},"end":{"line":132,"column":13}},"132":{"start":{"line":133,"column":0},"end":{"line":133,"column":36}},"133":{"start":{"line":134,"column":0},"end":{"line":134,"column":49}},"134":{"start":{"line":135,"column":0},"end":{"line":135,"column":63}},"135":{"start":{"line":136,"column":0},"end":{"line":136,"column":52}},"136":{"start":{"line":137,"column":0},"end":{"line":137,"column":49}},"137":{"start":{"line":138,"column":0},"end":{"line":138,"column":24}},"138":{"start":{"line":139,"column":0},"end":{"line":139,"column":41}},"139":{"start":{"line":140,"column":0},"end":{"line":140,"column":17}},"140":{"start":{"line":141,"column":0},"end":{"line":141,"column":23}},"141":{"start":{"line":142,"column":0},"end":{"line":142,"column":13}},"142":{"start":{"line":143,"column":0},"end":{"line":143,"column":9}},"143":{"start":{"line":144,"column":0},"end":{"line":144,"column":5}},"144":{"start":{"line":145,"column":0},"end":{"line":145,"column":1}}},"s":{"0":1,"1":1,"2":1,"3":1,"4":1,"5":1,"6":1,"7":1,"8":1,"9":1,"10":1,"11":1,"12":1,"13":1,"14":1,"15":1,"16":1,"17":1,"18":1,"19":1,"20":1,"21":1,"22":1,"23":1,"24":1,"25":1,"26":1,"27":1,"28":2,"29":2,"30":2,"31":1,"32":3,"33":3,"34":3,"35":1,"36":0,"37":0,"38":0,"39":1,"40":1,"41":1,"42":1,"43":1,"44":1,"45":1,"46":1,"47":1,"48":1,"49":1,"50":1,"51":1,"52":1,"53":4,"54":4,"55":4,"56":4,"57":4,"58":4,"59":4,"60":4,"61":4,"62":4,"63":4,"64":4,"65":4,"66":1,"67":1,"68":0,"69":0,"70":0,"71":0,"72":1,"73":1,"74":0,"75":0,"76":0,"77":1,"78":1,"79":0,"80":0,"81":0,"82":0,"83":1,"84":1,"85":0,"86":0,"87":0,"88":0,"89":1,"90":1,"91":2,"92":2,"93":2,"94":2,"95":2,"96":2,"97":2,"98":0,"99":0,"100":0,"101":2,"102":1,"103":1,"104":4,"105":4,"106":4,"107":4,"108":4,"109":4,"110":4,"111":4,"112":1,"113":1,"114":3,"115":3,"116":4,"117":1,"118":0,"119":0,"120":0,"121":0,"122":0,"123":0,"124":0,"125":1,"126":1,"127":4,"128":2,"129":2,"130":2,"131":4,"132":4,"133":2,"134":0,"135":2,"136":2,"137":2,"138":0,"139":0,"140":2,"141":2,"142":4,"143":4,"144":1},"branchMap":{"0":{"type":"branch","line":29,"loc":{"start":{"line":29,"column":0},"end":{"line":31,"column":1}},"locations":[{"start":{"line":29,"column":0},"end":{"line":31,"column":1}}]},"1":{"type":"branch","line":33,"loc":{"start":{"line":33,"column":0},"end":{"line":35,"column":1}},"locations":[{"start":{"line":33,"column":0},"end":{"line":35,"column":1}}]},"2":{"type":"branch","line":53,"loc":{"start":{"line":53,"column":4},"end":{"line":66,"column":5}},"locations":[{"start":{"line":53,"column":4},"end":{"line":66,"column":5}}]},"3":{"type":"branch","line":91,"loc":{"start":{"line":91,"column":12},"end":{"line":102,"column":5}},"locations":[{"start":{"line":91,"column":12},"end":{"line":102,"column":5}}]},"4":{"type":"branch","line":98,"loc":{"start":{"line":98,"column":73},"end":{"line":101,"column":9}},"locations":[{"start":{"line":98,"column":73},"end":{"line":101,"column":9}}]},"5":{"type":"branch","line":104,"loc":{"start":{"line":104,"column":12},"end":{"line":144,"column":5}},"locations":[{"start":{"line":104,"column":12},"end":{"line":144,"column":5}}]},"6":{"type":"branch","line":112,"loc":{"start":{"line":112,"column":25},"end":{"line":112,"column":49}},"locations":[{"start":{"line":112,"column":25},"end":{"line":112,"column":49}}]},"7":{"type":"branch","line":112,"loc":{"start":{"line":112,"column":49},"end":{"line":112,"column":61}},"locations":[{"start":{"line":112,"column":49},"end":{"line":112,"column":61}}]},"8":{"type":"branch","line":112,"loc":{"start":{"line":112,"column":63},"end":{"line":114,"column":17}},"locations":[{"start":{"line":112,"column":63},"end":{"line":114,"column":17}}]},"9":{"type":"branch","line":115,"loc":{"start":{"line":115,"column":-1},"end":{"line":117,"column":53}},"locations":[{"start":{"line":115,"column":-1},"end":{"line":117,"column":53}}]},"10":{"type":"branch","line":117,"loc":{"start":{"line":117,"column":53},"end":{"line":128,"column":23}},"locations":[{"start":{"line":117,"column":53},"end":{"line":128,"column":23}}]},"11":{"type":"branch","line":118,"loc":{"start":{"line":118,"column":47},"end":{"line":125,"column":21}},"locations":[{"start":{"line":118,"column":47},"end":{"line":125,"column":21}}]},"12":{"type":"branch","line":128,"loc":{"start":{"line":128,"column":17},"end":{"line":131,"column":17}},"locations":[{"start":{"line":128,"column":17},"end":{"line":131,"column":17}}]},"13":{"type":"branch","line":133,"loc":{"start":{"line":133,"column":12},"end":{"line":142,"column":13}},"locations":[{"start":{"line":133,"column":12},"end":{"line":142,"column":13}}]},"14":{"type":"branch","line":134,"loc":{"start":{"line":134,"column":48},"end":{"line":136,"column":23}},"locations":[{"start":{"line":134,"column":48},"end":{"line":136,"column":23}}]},"15":{"type":"branch","line":138,"loc":{"start":{"line":138,"column":17},"end":{"line":140,"column":17}},"locations":[{"start":{"line":138,"column":17},"end":{"line":140,"column":17}}]}},"b":{"0":[2],"1":[3],"2":[4],"3":[2],"4":[0],"5":[4],"6":[3],"7":[3],"8":[1],"9":[3],"10":[1],"11":[0],"12":[2],"13":[2],"14":[0],"15":[0]},"fnMap":{"0":{"name":"isServerSuccessResponse","decl":{"start":{"line":29,"column":0},"end":{"line":31,"column":1}},"loc":{"start":{"line":29,"column":0},"end":{"line":31,"column":1}},"line":29},"1":{"name":"isServerErrorResponse","decl":{"start":{"line":33,"column":0},"end":{"line":35,"column":1}},"loc":{"start":{"line":33,"column":0},"end":{"line":35,"column":1}},"line":33},"2":{"name":"delay","decl":{"start":{"line":37,"column":0},"end":{"line":39,"column":1}},"loc":{"start":{"line":37,"column":0},"end":{"line":39,"column":1}},"line":37},"3":{"name":"ApiPoller","decl":{"start":{"line":53,"column":4},"end":{"line":66,"column":5}},"loc":{"start":{"line":53,"column":4},"end":{"line":66,"column":5}},"line":53},"4":{"name":"start","decl":{"start":{"line":68,"column":4},"end":{"line":72,"column":5}},"loc":{"start":{"line":68,"column":4},"end":{"line":72,"column":5}},"line":68},"5":{"name":"stop","decl":{"start":{"line":74,"column":4},"end":{"line":77,"column":5}},"loc":{"start":{"line":74,"column":4},"end":{"line":77,"column":5}},"line":74},"6":{"name":"getAverage","decl":{"start":{"line":79,"column":4},"end":{"line":83,"column":5}},"loc":{"start":{"line":79,"column":4},"end":{"line":83,"column":5}},"line":79},"7":{"name":"resetStatistics","decl":{"start":{"line":85,"column":4},"end":{"line":89,"column":5}},"loc":{"start":{"line":85,"column":4},"end":{"line":89,"column":5}},"line":85},"8":{"name":"countRandomNumber","decl":{"start":{"line":91,"column":12},"end":{"line":102,"column":5}},"loc":{"start":{"line":91,"column":12},"end":{"line":102,"column":5}},"line":91},"9":{"name":"pollApi","decl":{"start":{"line":104,"column":12},"end":{"line":144,"column":5}},"loc":{"start":{"line":104,"column":12},"end":{"line":144,"column":5}},"line":104}},"f":{"0":2,"1":3,"2":0,"3":4,"4":0,"5":0,"6":0,"7":0,"8":2,"9":4}}
}
