{"/Users/dlatheron/Development/random-api/server.ts": {"path":"/Users/dlatheron/Development/random-api/server.ts","all":false,"statementMap":{"0":{"start":{"line":1,"column":0},"end":{"line":1,"column":0}},"1":{"start":{"line":2,"column":0},"end":{"line":2,"column":30}},"2":{"start":{"line":3,"column":0},"end":{"line":3,"column":26}},"3":{"start":{"line":4,"column":0},"end":{"line":4,"column":0}},"4":{"start":{"line":5,"column":0},"end":{"line":5,"column":47}},"5":{"start":{"line":6,"column":0},"end":{"line":6,"column":47}},"6":{"start":{"line":7,"column":0},"end":{"line":7,"column":0}},"7":{"start":{"line":8,"column":0},"end":{"line":8,"column":5}},"8":{"start":{"line":9,"column":0},"end":{"line":9,"column":32}},"9":{"start":{"line":10,"column":0},"end":{"line":10,"column":10}},"10":{"start":{"line":11,"column":0},"end":{"line":11,"column":36}},"11":{"start":{"line":12,"column":0},"end":{"line":12,"column":15}},"12":{"start":{"line":13,"column":0},"end":{"line":13,"column":46}},"13":{"start":{"line":14,"column":0},"end":{"line":14,"column":19}},"14":{"start":{"line":15,"column":0},"end":{"line":15,"column":0}},"15":{"start":{"line":16,"column":0},"end":{"line":16,"column":39}},"16":{"start":{"line":17,"column":0},"end":{"line":17,"column":72}},"17":{"start":{"line":18,"column":0},"end":{"line":18,"column":57}},"18":{"start":{"line":19,"column":0},"end":{"line":19,"column":38}},"19":{"start":{"line":20,"column":0},"end":{"line":20,"column":0}},"20":{"start":{"line":21,"column":0},"end":{"line":21,"column":96}},"21":{"start":{"line":22,"column":0},"end":{"line":22,"column":36}},"22":{"start":{"line":23,"column":0},"end":{"line":23,"column":82}},"23":{"start":{"line":24,"column":0},"end":{"line":24,"column":32}},"24":{"start":{"line":25,"column":0},"end":{"line":25,"column":0}},"25":{"start":{"line":26,"column":0},"end":{"line":26,"column":67}},"26":{"start":{"line":27,"column":0},"end":{"line":27,"column":25}},"27":{"start":{"line":28,"column":0},"end":{"line":28,"column":74}},"28":{"start":{"line":29,"column":0},"end":{"line":29,"column":32}},"29":{"start":{"line":30,"column":0},"end":{"line":30,"column":7}},"30":{"start":{"line":31,"column":0},"end":{"line":31,"column":4}},"31":{"start":{"line":32,"column":0},"end":{"line":32,"column":33}},"32":{"start":{"line":33,"column":0},"end":{"line":33,"column":37}},"33":{"start":{"line":34,"column":0},"end":{"line":34,"column":48}},"34":{"start":{"line":35,"column":0},"end":{"line":35,"column":48}},"35":{"start":{"line":36,"column":0},"end":{"line":36,"column":0}},"36":{"start":{"line":37,"column":0},"end":{"line":37,"column":70}},"37":{"start":{"line":38,"column":0},"end":{"line":38,"column":62}},"38":{"start":{"line":39,"column":0},"end":{"line":39,"column":0}},"39":{"start":{"line":40,"column":0},"end":{"line":40,"column":48}},"40":{"start":{"line":41,"column":0},"end":{"line":41,"column":59}},"41":{"start":{"line":42,"column":0},"end":{"line":42,"column":7}},"42":{"start":{"line":43,"column":0},"end":{"line":43,"column":22}},"43":{"start":{"line":44,"column":0},"end":{"line":44,"column":0}},"44":{"start":{"line":45,"column":0},"end":{"line":45,"column":37}},"45":{"start":{"line":46,"column":0},"end":{"line":46,"column":24}},"46":{"start":{"line":47,"column":0},"end":{"line":47,"column":33}},"47":{"start":{"line":48,"column":0},"end":{"line":48,"column":49}},"48":{"start":{"line":49,"column":0},"end":{"line":49,"column":7}},"49":{"start":{"line":50,"column":0},"end":{"line":50,"column":22}},"50":{"start":{"line":51,"column":0},"end":{"line":51,"column":0}},"51":{"start":{"line":52,"column":0},"end":{"line":52,"column":47}},"52":{"start":{"line":53,"column":0},"end":{"line":53,"column":25}},"53":{"start":{"line":54,"column":0},"end":{"line":54,"column":31}},"54":{"start":{"line":55,"column":0},"end":{"line":55,"column":23}},"55":{"start":{"line":56,"column":0},"end":{"line":56,"column":5}},"56":{"start":{"line":57,"column":0},"end":{"line":57,"column":0}},"57":{"start":{"line":58,"column":0},"end":{"line":58,"column":43}},"58":{"start":{"line":59,"column":0},"end":{"line":59,"column":44}},"59":{"start":{"line":60,"column":0},"end":{"line":60,"column":1}},"60":{"start":{"line":61,"column":0},"end":{"line":61,"column":0}},"61":{"start":{"line":62,"column":0},"end":{"line":62,"column":10}}},"s":{"0":1,"1":1,"2":1,"3":1,"4":1,"5":1,"6":1,"7":1,"8":1,"9":1,"10":1,"11":1,"12":1,"13":1,"14":1,"15":1,"16":1,"17":1,"18":1,"19":1,"20":1,"21":1,"22":1,"23":1,"24":1,"25":1,"26":1,"27":1,"28":1,"29":1,"30":1,"31":1,"32":10,"33":10,"34":10,"35":10,"36":10,"37":10,"38":10,"39":10,"40":10,"41":10,"42":10,"43":10,"44":10,"45":10,"46":10,"47":10,"48":10,"49":10,"50":10,"51":10,"52":1,"53":1,"54":1,"55":1,"56":10,"57":10,"58":10,"59":10,"60":1,"61":1},"branchMap":{"0":{"type":"branch","line":32,"loc":{"start":{"line":32,"column":7},"end":{"line":60,"column":1}},"locations":[{"start":{"line":32,"column":7},"end":{"line":60,"column":1}}]},"1":{"type":"branch","line":48,"loc":{"start":{"line":48,"column":21},"end":{"line":48,"column":49}},"locations":[{"start":{"line":48,"column":21},"end":{"line":48,"column":49}}]},"2":{"type":"branch","line":52,"loc":{"start":{"line":52,"column":4},"end":{"line":56,"column":5}},"locations":[{"start":{"line":52,"column":4},"end":{"line":56,"column":5}}]},"3":{"type":"branch","line":58,"loc":{"start":{"line":58,"column":25},"end":{"line":58,"column":41}},"locations":[{"start":{"line":58,"column":25},"end":{"line":58,"column":41}}]}},"b":{"0":[10],"1":[1],"2":[1],"3":[1]},"fnMap":{"0":{"name":"startUp","decl":{"start":{"line":32,"column":7},"end":{"line":60,"column":1}},"loc":{"start":{"line":32,"column":7},"end":{"line":60,"column":1}},"line":32},"1":{"name":"calcAverage","decl":{"start":{"line":48,"column":21},"end":{"line":48,"column":49}},"loc":{"start":{"line":48,"column":21},"end":{"line":48,"column":49}},"line":48},"2":{"name":"shutdown","decl":{"start":{"line":52,"column":4},"end":{"line":56,"column":5}},"loc":{"start":{"line":52,"column":4},"end":{"line":56,"column":5}},"line":52}},"f":{"0":10,"1":1,"2":1}}
,"/Users/dlatheron/Development/random-api/src/ApiPoller.ts": {"path":"/Users/dlatheron/Development/random-api/src/ApiPoller.ts","all":false,"statementMap":{"0":{"start":{"line":1,"column":0},"end":{"line":1,"column":26}},"1":{"start":{"line":2,"column":0},"end":{"line":2,"column":44}},"2":{"start":{"line":3,"column":0},"end":{"line":3,"column":46}},"3":{"start":{"line":4,"column":0},"end":{"line":4,"column":0}},"4":{"start":{"line":5,"column":0},"end":{"line":5,"column":34}},"5":{"start":{"line":6,"column":0},"end":{"line":6,"column":25}},"6":{"start":{"line":7,"column":0},"end":{"line":7,"column":25}},"7":{"start":{"line":8,"column":0},"end":{"line":8,"column":0}},"8":{"start":{"line":9,"column":0},"end":{"line":9,"column":36}},"9":{"start":{"line":10,"column":0},"end":{"line":10,"column":32}},"10":{"start":{"line":11,"column":0},"end":{"line":11,"column":25}},"11":{"start":{"line":12,"column":0},"end":{"line":12,"column":31}},"12":{"start":{"line":13,"column":0},"end":{"line":13,"column":1}},"13":{"start":{"line":14,"column":0},"end":{"line":14,"column":0}},"14":{"start":{"line":15,"column":0},"end":{"line":15,"column":33}},"15":{"start":{"line":16,"column":0},"end":{"line":16,"column":22}},"16":{"start":{"line":17,"column":0},"end":{"line":17,"column":19}},"17":{"start":{"line":18,"column":0},"end":{"line":18,"column":16}},"18":{"start":{"line":19,"column":0},"end":{"line":19,"column":16}},"19":{"start":{"line":20,"column":0},"end":{"line":20,"column":1}},"20":{"start":{"line":21,"column":0},"end":{"line":21,"column":0}},"21":{"start":{"line":22,"column":0},"end":{"line":22,"column":31}},"22":{"start":{"line":23,"column":0},"end":{"line":23,"column":20}},"23":{"start":{"line":24,"column":0},"end":{"line":24,"column":17}},"24":{"start":{"line":25,"column":0},"end":{"line":25,"column":19}},"25":{"start":{"line":26,"column":0},"end":{"line":26,"column":1}},"26":{"start":{"line":27,"column":0},"end":{"line":27,"column":0}},"27":{"start":{"line":28,"column":0},"end":{"line":28,"column":66}},"28":{"start":{"line":29,"column":0},"end":{"line":29,"column":0}},"29":{"start":{"line":30,"column":0},"end":{"line":30,"column":95}},"30":{"start":{"line":31,"column":0},"end":{"line":31,"column":41}},"31":{"start":{"line":32,"column":0},"end":{"line":32,"column":1}},"32":{"start":{"line":33,"column":0},"end":{"line":33,"column":0}},"33":{"start":{"line":34,"column":0},"end":{"line":34,"column":91}},"34":{"start":{"line":35,"column":0},"end":{"line":35,"column":39}},"35":{"start":{"line":36,"column":0},"end":{"line":36,"column":1}},"36":{"start":{"line":37,"column":0},"end":{"line":37,"column":0}},"37":{"start":{"line":38,"column":0},"end":{"line":38,"column":35}},"38":{"start":{"line":39,"column":0},"end":{"line":39,"column":66}},"39":{"start":{"line":40,"column":0},"end":{"line":40,"column":1}},"40":{"start":{"line":41,"column":0},"end":{"line":41,"column":0}},"41":{"start":{"line":42,"column":0},"end":{"line":42,"column":24}},"42":{"start":{"line":43,"column":0},"end":{"line":43,"column":45}},"43":{"start":{"line":44,"column":0},"end":{"line":44,"column":0}},"44":{"start":{"line":45,"column":0},"end":{"line":45,"column":40}},"45":{"start":{"line":46,"column":0},"end":{"line":46,"column":22}},"46":{"start":{"line":47,"column":0},"end":{"line":47,"column":0}},"47":{"start":{"line":48,"column":0},"end":{"line":48,"column":34}},"48":{"start":{"line":49,"column":0},"end":{"line":49,"column":33}},"49":{"start":{"line":50,"column":0},"end":{"line":50,"column":22}},"50":{"start":{"line":51,"column":0},"end":{"line":51,"column":35}},"51":{"start":{"line":52,"column":0},"end":{"line":52,"column":6}},"52":{"start":{"line":53,"column":0},"end":{"line":53,"column":0}},"53":{"start":{"line":54,"column":0},"end":{"line":54,"column":42}},"54":{"start":{"line":55,"column":0},"end":{"line":55,"column":28}},"55":{"start":{"line":56,"column":0},"end":{"line":56,"column":0}},"56":{"start":{"line":57,"column":0},"end":{"line":57,"column":27}},"57":{"start":{"line":58,"column":0},"end":{"line":58,"column":32}},"58":{"start":{"line":59,"column":0},"end":{"line":59,"column":21}},"59":{"start":{"line":60,"column":0},"end":{"line":60,"column":32}},"60":{"start":{"line":61,"column":0},"end":{"line":61,"column":10}},"61":{"start":{"line":62,"column":0},"end":{"line":62,"column":0}},"62":{"start":{"line":63,"column":0},"end":{"line":63,"column":26}},"63":{"start":{"line":64,"column":0},"end":{"line":64,"column":47}},"64":{"start":{"line":65,"column":0},"end":{"line":65,"column":39}},"65":{"start":{"line":66,"column":0},"end":{"line":66,"column":9}},"66":{"start":{"line":67,"column":0},"end":{"line":67,"column":5}},"67":{"start":{"line":68,"column":0},"end":{"line":68,"column":0}},"68":{"start":{"line":69,"column":0},"end":{"line":69,"column":13}},"69":{"start":{"line":70,"column":0},"end":{"line":70,"column":31}},"70":{"start":{"line":71,"column":0},"end":{"line":71,"column":0}},"71":{"start":{"line":72,"column":0},"end":{"line":72,"column":91}},"72":{"start":{"line":73,"column":0},"end":{"line":73,"column":24}},"73":{"start":{"line":74,"column":0},"end":{"line":74,"column":115}},"74":{"start":{"line":75,"column":0},"end":{"line":75,"column":9}},"75":{"start":{"line":76,"column":0},"end":{"line":76,"column":5}},"76":{"start":{"line":77,"column":0},"end":{"line":77,"column":0}},"77":{"start":{"line":78,"column":0},"end":{"line":78,"column":12}},"78":{"start":{"line":79,"column":0},"end":{"line":79,"column":27}},"79":{"start":{"line":80,"column":0},"end":{"line":80,"column":29}},"80":{"start":{"line":81,"column":0},"end":{"line":81,"column":5}},"81":{"start":{"line":82,"column":0},"end":{"line":82,"column":0}},"82":{"start":{"line":83,"column":0},"end":{"line":83,"column":18}},"83":{"start":{"line":84,"column":0},"end":{"line":84,"column":45}},"84":{"start":{"line":85,"column":0},"end":{"line":85,"column":23}},"85":{"start":{"line":86,"column":0},"end":{"line":86,"column":71}},"86":{"start":{"line":87,"column":0},"end":{"line":87,"column":5}},"87":{"start":{"line":88,"column":0},"end":{"line":88,"column":0}},"88":{"start":{"line":89,"column":0},"end":{"line":89,"column":23}},"89":{"start":{"line":90,"column":0},"end":{"line":90,"column":45}},"90":{"start":{"line":91,"column":0},"end":{"line":91,"column":34}},"91":{"start":{"line":92,"column":0},"end":{"line":92,"column":46}},"92":{"start":{"line":93,"column":0},"end":{"line":93,"column":5}},"93":{"start":{"line":94,"column":0},"end":{"line":94,"column":0}},"94":{"start":{"line":95,"column":0},"end":{"line":95,"column":53}},"95":{"start":{"line":96,"column":0},"end":{"line":96,"column":64}},"96":{"start":{"line":97,"column":0},"end":{"line":97,"column":60}},"97":{"start":{"line":98,"column":0},"end":{"line":98,"column":0}},"98":{"start":{"line":99,"column":0},"end":{"line":99,"column":57}},"99":{"start":{"line":100,"column":0},"end":{"line":100,"column":32}},"100":{"start":{"line":101,"column":0},"end":{"line":101,"column":0}},"101":{"start":{"line":102,"column":0},"end":{"line":102,"column":74}},"102":{"start":{"line":103,"column":0},"end":{"line":103,"column":114}},"103":{"start":{"line":104,"column":0},"end":{"line":104,"column":35}},"104":{"start":{"line":105,"column":0},"end":{"line":105,"column":9}},"105":{"start":{"line":106,"column":0},"end":{"line":106,"column":5}},"106":{"start":{"line":107,"column":0},"end":{"line":107,"column":0}},"107":{"start":{"line":108,"column":0},"end":{"line":108,"column":29}},"108":{"start":{"line":109,"column":0},"end":{"line":109,"column":91}},"109":{"start":{"line":110,"column":0},"end":{"line":110,"column":0}},"110":{"start":{"line":111,"column":0},"end":{"line":111,"column":22}},"111":{"start":{"line":112,"column":0},"end":{"line":112,"column":0}},"112":{"start":{"line":113,"column":0},"end":{"line":113,"column":21}},"113":{"start":{"line":114,"column":0},"end":{"line":114,"column":17}},"114":{"start":{"line":115,"column":0},"end":{"line":115,"column":108}},"115":{"start":{"line":116,"column":0},"end":{"line":116,"column":64}},"116":{"start":{"line":117,"column":0},"end":{"line":117,"column":71}},"117":{"start":{"line":118,"column":0},"end":{"line":118,"column":17}},"118":{"start":{"line":119,"column":0},"end":{"line":119,"column":0}},"119":{"start":{"line":120,"column":0},"end":{"line":120,"column":41}},"120":{"start":{"line":121,"column":0},"end":{"line":121,"column":54}},"121":{"start":{"line":122,"column":0},"end":{"line":122,"column":48}},"122":{"start":{"line":123,"column":0},"end":{"line":123,"column":32}},"123":{"start":{"line":124,"column":0},"end":{"line":124,"column":70}},"124":{"start":{"line":125,"column":0},"end":{"line":125,"column":76}},"125":{"start":{"line":126,"column":0},"end":{"line":126,"column":34}},"126":{"start":{"line":127,"column":0},"end":{"line":127,"column":25}},"127":{"start":{"line":128,"column":0},"end":{"line":128,"column":0}},"128":{"start":{"line":129,"column":0},"end":{"line":129,"column":123}},"129":{"start":{"line":130,"column":0},"end":{"line":130,"column":0}},"130":{"start":{"line":131,"column":0},"end":{"line":131,"column":73}},"131":{"start":{"line":132,"column":0},"end":{"line":132,"column":28}},"132":{"start":{"line":133,"column":0},"end":{"line":133,"column":57}},"133":{"start":{"line":134,"column":0},"end":{"line":134,"column":21}},"134":{"start":{"line":135,"column":0},"end":{"line":135,"column":63}},"135":{"start":{"line":136,"column":0},"end":{"line":136,"column":60}},"136":{"start":{"line":137,"column":0},"end":{"line":137,"column":27}},"137":{"start":{"line":138,"column":0},"end":{"line":138,"column":17}},"138":{"start":{"line":139,"column":0},"end":{"line":139,"column":13}},"139":{"start":{"line":140,"column":0},"end":{"line":140,"column":36}},"140":{"start":{"line":141,"column":0},"end":{"line":141,"column":49}},"141":{"start":{"line":142,"column":0},"end":{"line":142,"column":63}},"142":{"start":{"line":143,"column":0},"end":{"line":143,"column":52}},"143":{"start":{"line":144,"column":0},"end":{"line":144,"column":49}},"144":{"start":{"line":145,"column":0},"end":{"line":145,"column":24}},"145":{"start":{"line":146,"column":0},"end":{"line":146,"column":41}},"146":{"start":{"line":147,"column":0},"end":{"line":147,"column":17}},"147":{"start":{"line":148,"column":0},"end":{"line":148,"column":23}},"148":{"start":{"line":149,"column":0},"end":{"line":149,"column":13}},"149":{"start":{"line":150,"column":0},"end":{"line":150,"column":9}},"150":{"start":{"line":151,"column":0},"end":{"line":151,"column":5}},"151":{"start":{"line":152,"column":0},"end":{"line":152,"column":1}}},"s":{"0":1,"1":1,"2":1,"3":1,"4":1,"5":1,"6":1,"7":1,"8":1,"9":1,"10":1,"11":1,"12":1,"13":1,"14":1,"15":1,"16":1,"17":1,"18":1,"19":1,"20":1,"21":1,"22":1,"23":1,"24":1,"25":1,"26":1,"27":1,"28":1,"29":2,"30":2,"31":2,"32":1,"33":15,"34":15,"35":15,"36":1,"37":8,"38":8,"39":8,"40":1,"41":1,"42":1,"43":1,"44":1,"45":1,"46":1,"47":1,"48":1,"49":1,"50":1,"51":1,"52":1,"53":1,"54":27,"55":27,"56":27,"57":27,"58":27,"59":27,"60":27,"61":27,"62":27,"63":27,"64":27,"65":27,"66":27,"67":1,"68":1,"69":5,"70":5,"71":5,"72":5,"73":1,"74":1,"75":5,"76":1,"77":1,"78":2,"79":2,"80":2,"81":1,"82":1,"83":2,"84":2,"85":2,"86":2,"87":1,"88":1,"89":13,"90":13,"91":13,"92":13,"93":1,"94":1,"95":5,"96":5,"97":5,"98":5,"99":5,"100":5,"101":5,"102":2,"103":2,"104":2,"105":5,"106":1,"107":1,"108":13,"109":13,"110":13,"111":13,"112":13,"113":21,"114":21,"115":21,"116":3,"117":3,"118":15,"119":15,"120":21,"121":13,"122":12,"123":12,"124":4,"125":4,"126":4,"127":8,"128":8,"129":8,"130":8,"131":13,"132":1,"133":1,"134":21,"135":2,"136":2,"137":2,"138":21,"139":21,"140":7,"141":1,"142":7,"143":5,"144":6,"145":1,"146":1,"147":7,"148":7,"149":21,"150":13,"151":1},"branchMap":{"0":{"type":"branch","line":30,"loc":{"start":{"line":30,"column":0},"end":{"line":32,"column":1}},"locations":[{"start":{"line":30,"column":0},"end":{"line":32,"column":1}}]},"1":{"type":"branch","line":34,"loc":{"start":{"line":34,"column":0},"end":{"line":36,"column":1}},"locations":[{"start":{"line":34,"column":0},"end":{"line":36,"column":1}}]},"2":{"type":"branch","line":38,"loc":{"start":{"line":38,"column":0},"end":{"line":40,"column":1}},"locations":[{"start":{"line":38,"column":0},"end":{"line":40,"column":1}}]},"3":{"type":"branch","line":39,"loc":{"start":{"line":39,"column":23},"end":{"line":39,"column":64}},"locations":[{"start":{"line":39,"column":23},"end":{"line":39,"column":64}}]},"4":{"type":"branch","line":54,"loc":{"start":{"line":54,"column":4},"end":{"line":67,"column":5}},"locations":[{"start":{"line":54,"column":4},"end":{"line":67,"column":5}}]},"5":{"type":"branch","line":69,"loc":{"start":{"line":69,"column":4},"end":{"line":76,"column":5}},"locations":[{"start":{"line":69,"column":4},"end":{"line":76,"column":5}}]},"6":{"type":"branch","line":73,"loc":{"start":{"line":73,"column":23},"end":{"line":75,"column":9}},"locations":[{"start":{"line":73,"column":23},"end":{"line":75,"column":9}}]},"7":{"type":"branch","line":78,"loc":{"start":{"line":78,"column":4},"end":{"line":81,"column":5}},"locations":[{"start":{"line":78,"column":4},"end":{"line":81,"column":5}}]},"8":{"type":"branch","line":79,"loc":{"start":{"line":79,"column":16},"end":{"line":79,"column":24}},"locations":[{"start":{"line":79,"column":16},"end":{"line":79,"column":24}}]},"9":{"type":"branch","line":83,"loc":{"start":{"line":83,"column":4},"end":{"line":87,"column":5}},"locations":[{"start":{"line":83,"column":4},"end":{"line":87,"column":5}}]},"10":{"type":"branch","line":85,"loc":{"start":{"line":85,"column":12},"end":{"line":85,"column":23}},"locations":[{"start":{"line":85,"column":12},"end":{"line":85,"column":23}}]},"11":{"type":"branch","line":86,"loc":{"start":{"line":86,"column":12},"end":{"line":86,"column":70}},"locations":[{"start":{"line":86,"column":12},"end":{"line":86,"column":70}}]},"12":{"type":"branch","line":89,"loc":{"start":{"line":89,"column":4},"end":{"line":93,"column":5}},"locations":[{"start":{"line":89,"column":4},"end":{"line":93,"column":5}}]},"13":{"type":"branch","line":95,"loc":{"start":{"line":95,"column":12},"end":{"line":106,"column":5}},"locations":[{"start":{"line":95,"column":12},"end":{"line":106,"column":5}}]},"14":{"type":"branch","line":102,"loc":{"start":{"line":102,"column":73},"end":{"line":105,"column":9}},"locations":[{"start":{"line":102,"column":73},"end":{"line":105,"column":9}}]},"15":{"type":"branch","line":108,"loc":{"start":{"line":108,"column":12},"end":{"line":151,"column":5}},"locations":[{"start":{"line":108,"column":12},"end":{"line":151,"column":5}}]},"16":{"type":"branch","line":113,"loc":{"start":{"line":113,"column":20},"end":{"line":150,"column":9}},"locations":[{"start":{"line":113,"column":20},"end":{"line":150,"column":9}}]},"17":{"type":"branch","line":116,"loc":{"start":{"line":116,"column":-1},"end":{"line":116,"column":29}},"locations":[{"start":{"line":116,"column":-1},"end":{"line":116,"column":29}}]},"18":{"type":"branch","line":116,"loc":{"start":{"line":116,"column":25},"end":{"line":116,"column":49}},"locations":[{"start":{"line":116,"column":25},"end":{"line":116,"column":49}}]},"19":{"type":"branch","line":116,"loc":{"start":{"line":116,"column":49},"end":{"line":116,"column":61}},"locations":[{"start":{"line":116,"column":49},"end":{"line":116,"column":61}}]},"20":{"type":"branch","line":116,"loc":{"start":{"line":116,"column":63},"end":{"line":118,"column":17}},"locations":[{"start":{"line":116,"column":63},"end":{"line":118,"column":17}}]},"21":{"type":"branch","line":119,"loc":{"start":{"line":119,"column":-1},"end":{"line":121,"column":53}},"locations":[{"start":{"line":119,"column":-1},"end":{"line":121,"column":53}}]},"22":{"type":"branch","line":121,"loc":{"start":{"line":121,"column":53},"end":{"line":135,"column":23}},"locations":[{"start":{"line":121,"column":53},"end":{"line":135,"column":23}}]},"23":{"type":"branch","line":122,"loc":{"start":{"line":122,"column":47},"end":{"line":132,"column":27}},"locations":[{"start":{"line":122,"column":47},"end":{"line":132,"column":27}}]},"24":{"type":"branch","line":124,"loc":{"start":{"line":124,"column":69},"end":{"line":127,"column":25}},"locations":[{"start":{"line":124,"column":69},"end":{"line":127,"column":25}}]},"25":{"type":"branch","line":128,"loc":{"start":{"line":128,"column":-1},"end":{"line":132,"column":27}},"locations":[{"start":{"line":128,"column":-1},"end":{"line":132,"column":27}}]},"26":{"type":"branch","line":132,"loc":{"start":{"line":132,"column":21},"end":{"line":134,"column":21}},"locations":[{"start":{"line":132,"column":21},"end":{"line":134,"column":21}}]},"27":{"type":"branch","line":135,"loc":{"start":{"line":135,"column":17},"end":{"line":138,"column":17}},"locations":[{"start":{"line":135,"column":17},"end":{"line":138,"column":17}}]},"28":{"type":"branch","line":140,"loc":{"start":{"line":140,"column":12},"end":{"line":149,"column":13}},"locations":[{"start":{"line":140,"column":12},"end":{"line":149,"column":13}}]},"29":{"type":"branch","line":141,"loc":{"start":{"line":141,"column":48},"end":{"line":143,"column":23}},"locations":[{"start":{"line":141,"column":48},"end":{"line":143,"column":23}}]},"30":{"type":"branch","line":143,"loc":{"start":{"line":143,"column":17},"end":{"line":147,"column":17}},"locations":[{"start":{"line":143,"column":17},"end":{"line":147,"column":17}}]},"31":{"type":"branch","line":143,"loc":{"start":{"line":143,"column":51},"end":{"line":145,"column":23}},"locations":[{"start":{"line":143,"column":51},"end":{"line":145,"column":23}}]},"32":{"type":"branch","line":145,"loc":{"start":{"line":145,"column":17},"end":{"line":147,"column":17}},"locations":[{"start":{"line":145,"column":17},"end":{"line":147,"column":17}}]}},"b":{"0":[2],"1":[15],"2":[8],"3":[8],"4":[27],"5":[5],"6":[1],"7":[2],"8":[1],"9":[2],"10":[1],"11":[1],"12":[13],"13":[5],"14":[2],"15":[13],"16":[21],"17":[18],"18":[17],"19":[16],"20":[3],"21":[15],"22":[13],"23":[12],"24":[4],"25":[8],"26":[1],"27":[2],"28":[7],"29":[1],"30":[6],"31":[5],"32":[1]},"fnMap":{"0":{"name":"isServerSuccessResponse","decl":{"start":{"line":30,"column":0},"end":{"line":32,"column":1}},"loc":{"start":{"line":30,"column":0},"end":{"line":32,"column":1}},"line":30},"1":{"name":"isServerErrorResponse","decl":{"start":{"line":34,"column":0},"end":{"line":36,"column":1}},"loc":{"start":{"line":34,"column":0},"end":{"line":36,"column":1}},"line":34},"2":{"name":"delay","decl":{"start":{"line":38,"column":0},"end":{"line":40,"column":1}},"loc":{"start":{"line":38,"column":0},"end":{"line":40,"column":1}},"line":38},"3":{"name":"ApiPoller","decl":{"start":{"line":54,"column":4},"end":{"line":67,"column":5}},"loc":{"start":{"line":54,"column":4},"end":{"line":67,"column":5}},"line":54},"4":{"name":"start","decl":{"start":{"line":69,"column":4},"end":{"line":76,"column":5}},"loc":{"start":{"line":69,"column":4},"end":{"line":76,"column":5}},"line":69},"5":{"name":"stop","decl":{"start":{"line":78,"column":4},"end":{"line":81,"column":5}},"loc":{"start":{"line":78,"column":4},"end":{"line":81,"column":5}},"line":78},"6":{"name":"getAverage","decl":{"start":{"line":83,"column":4},"end":{"line":87,"column":5}},"loc":{"start":{"line":83,"column":4},"end":{"line":87,"column":5}},"line":83},"7":{"name":"resetStatistics","decl":{"start":{"line":89,"column":4},"end":{"line":93,"column":5}},"loc":{"start":{"line":89,"column":4},"end":{"line":93,"column":5}},"line":89},"8":{"name":"countRandomNumber","decl":{"start":{"line":95,"column":12},"end":{"line":106,"column":5}},"loc":{"start":{"line":95,"column":12},"end":{"line":106,"column":5}},"line":95},"9":{"name":"pollApi","decl":{"start":{"line":108,"column":12},"end":{"line":151,"column":5}},"loc":{"start":{"line":108,"column":12},"end":{"line":151,"column":5}},"line":108}},"f":{"0":2,"1":15,"2":8,"3":27,"4":5,"5":2,"6":2,"7":13,"8":5,"9":13}}
,"/Users/dlatheron/Development/random-api/src/ApiServer.ts": {"path":"/Users/dlatheron/Development/random-api/src/ApiServer.ts","all":false,"statementMap":{"0":{"start":{"line":1,"column":0},"end":{"line":1,"column":53}},"1":{"start":{"line":2,"column":0},"end":{"line":2,"column":30}},"2":{"start":{"line":3,"column":0},"end":{"line":3,"column":0}},"3":{"start":{"line":4,"column":0},"end":{"line":4,"column":34}},"4":{"start":{"line":5,"column":0},"end":{"line":5,"column":17}},"5":{"start":{"line":6,"column":0},"end":{"line":6,"column":17}},"6":{"start":{"line":7,"column":0},"end":{"line":7,"column":42}},"7":{"start":{"line":8,"column":0},"end":{"line":8,"column":1}},"8":{"start":{"line":9,"column":0},"end":{"line":9,"column":0}},"9":{"start":{"line":10,"column":0},"end":{"line":10,"column":24}},"10":{"start":{"line":11,"column":0},"end":{"line":11,"column":45}},"11":{"start":{"line":12,"column":0},"end":{"line":12,"column":28}},"12":{"start":{"line":13,"column":0},"end":{"line":13,"column":0}},"13":{"start":{"line":14,"column":0},"end":{"line":14,"column":42}},"14":{"start":{"line":15,"column":0},"end":{"line":15,"column":29}},"15":{"start":{"line":16,"column":0},"end":{"line":16,"column":0}},"16":{"start":{"line":17,"column":0},"end":{"line":17,"column":28}},"17":{"start":{"line":18,"column":0},"end":{"line":18,"column":38}},"18":{"start":{"line":19,"column":0},"end":{"line":19,"column":38}},"19":{"start":{"line":20,"column":0},"end":{"line":20,"column":10}},"20":{"start":{"line":21,"column":0},"end":{"line":21,"column":5}},"21":{"start":{"line":22,"column":0},"end":{"line":22,"column":0}},"22":{"start":{"line":23,"column":0},"end":{"line":23,"column":19}},"23":{"start":{"line":24,"column":0},"end":{"line":24,"column":70}},"24":{"start":{"line":25,"column":0},"end":{"line":25,"column":74}},"25":{"start":{"line":26,"column":0},"end":{"line":26,"column":11}},"26":{"start":{"line":27,"column":0},"end":{"line":27,"column":0}},"27":{"start":{"line":28,"column":0},"end":{"line":28,"column":27}},"28":{"start":{"line":29,"column":0},"end":{"line":29,"column":5}},"29":{"start":{"line":30,"column":0},"end":{"line":30,"column":0}},"30":{"start":{"line":31,"column":0},"end":{"line":31,"column":12}},"31":{"start":{"line":32,"column":0},"end":{"line":32,"column":55}},"32":{"start":{"line":33,"column":0},"end":{"line":33,"column":31}},"33":{"start":{"line":34,"column":0},"end":{"line":34,"column":33}},"34":{"start":{"line":35,"column":0},"end":{"line":35,"column":13}},"35":{"start":{"line":36,"column":0},"end":{"line":36,"column":0}},"36":{"start":{"line":37,"column":0},"end":{"line":37,"column":52}},"37":{"start":{"line":38,"column":0},"end":{"line":38,"column":40}},"38":{"start":{"line":39,"column":0},"end":{"line":39,"column":28}},"39":{"start":{"line":40,"column":0},"end":{"line":40,"column":41}},"40":{"start":{"line":41,"column":0},"end":{"line":41,"column":41}},"41":{"start":{"line":42,"column":0},"end":{"line":42,"column":17}},"42":{"start":{"line":43,"column":0},"end":{"line":43,"column":0}},"43":{"start":{"line":44,"column":0},"end":{"line":44,"column":40}},"44":{"start":{"line":45,"column":0},"end":{"line":45,"column":26}},"45":{"start":{"line":46,"column":0},"end":{"line":46,"column":15}},"46":{"start":{"line":47,"column":0},"end":{"line":47,"column":11}},"47":{"start":{"line":48,"column":0},"end":{"line":48,"column":5}},"48":{"start":{"line":49,"column":0},"end":{"line":49,"column":0}},"49":{"start":{"line":50,"column":0},"end":{"line":50,"column":46}},"50":{"start":{"line":51,"column":0},"end":{"line":51,"column":57}},"51":{"start":{"line":52,"column":0},"end":{"line":52,"column":5}},"52":{"start":{"line":53,"column":0},"end":{"line":53,"column":1}}},"s":{"0":1,"1":1,"2":1,"3":1,"4":1,"5":1,"6":1,"7":1,"8":1,"9":1,"10":1,"11":1,"12":1,"13":1,"14":14,"15":14,"16":14,"17":14,"18":14,"19":14,"20":14,"21":1,"22":1,"23":9,"24":9,"25":9,"26":9,"27":9,"28":9,"29":1,"30":1,"31":8,"32":8,"33":2,"34":2,"35":6,"36":6,"37":6,"38":6,"39":2,"40":2,"41":2,"42":4,"43":4,"44":4,"45":6,"46":8,"47":8,"48":1,"49":1,"50":2,"51":2,"52":1},"branchMap":{"0":{"type":"branch","line":14,"loc":{"start":{"line":14,"column":4},"end":{"line":21,"column":5}},"locations":[{"start":{"line":14,"column":4},"end":{"line":21,"column":5}}]},"1":{"type":"branch","line":23,"loc":{"start":{"line":23,"column":4},"end":{"line":29,"column":5}},"locations":[{"start":{"line":23,"column":4},"end":{"line":29,"column":5}}]},"2":{"type":"branch","line":24,"loc":{"start":{"line":24,"column":63},"end":{"line":26,"column":9}},"locations":[{"start":{"line":24,"column":63},"end":{"line":26,"column":9}}]},"3":{"type":"branch","line":31,"loc":{"start":{"line":31,"column":4},"end":{"line":48,"column":5}},"locations":[{"start":{"line":31,"column":4},"end":{"line":48,"column":5}}]},"4":{"type":"branch","line":32,"loc":{"start":{"line":32,"column":33},"end":{"line":47,"column":9}},"locations":[{"start":{"line":32,"column":33},"end":{"line":47,"column":9}}]},"5":{"type":"branch","line":33,"loc":{"start":{"line":33,"column":30},"end":{"line":35,"column":13}},"locations":[{"start":{"line":33,"column":30},"end":{"line":35,"column":13}}]},"6":{"type":"branch","line":36,"loc":{"start":{"line":36,"column":-1},"end":{"line":47,"column":9}},"locations":[{"start":{"line":36,"column":-1},"end":{"line":47,"column":9}}]},"7":{"type":"branch","line":38,"loc":{"start":{"line":38,"column":30},"end":{"line":46,"column":13}},"locations":[{"start":{"line":38,"column":30},"end":{"line":46,"column":13}}]},"8":{"type":"branch","line":39,"loc":{"start":{"line":39,"column":27},"end":{"line":42,"column":17}},"locations":[{"start":{"line":39,"column":27},"end":{"line":42,"column":17}}]},"9":{"type":"branch","line":43,"loc":{"start":{"line":43,"column":-1},"end":{"line":46,"column":13}},"locations":[{"start":{"line":43,"column":-1},"end":{"line":46,"column":13}}]},"10":{"type":"branch","line":50,"loc":{"start":{"line":50,"column":4},"end":{"line":52,"column":5}},"locations":[{"start":{"line":50,"column":4},"end":{"line":52,"column":5}}]}},"b":{"0":[14],"1":[9],"2":[9],"3":[8],"4":[8],"5":[2],"6":[6],"7":[6],"8":[2],"9":[4],"10":[2]},"fnMap":{"0":{"name":"ApiServer","decl":{"start":{"line":14,"column":4},"end":{"line":21,"column":5}},"loc":{"start":{"line":14,"column":4},"end":{"line":21,"column":5}},"line":14},"1":{"name":"start","decl":{"start":{"line":23,"column":4},"end":{"line":29,"column":5}},"loc":{"start":{"line":23,"column":4},"end":{"line":29,"column":5}},"line":23},"2":{"name":"stop","decl":{"start":{"line":31,"column":4},"end":{"line":48,"column":5}},"loc":{"start":{"line":31,"column":4},"end":{"line":48,"column":5}},"line":31},"3":{"name":"getAverage","decl":{"start":{"line":50,"column":4},"end":{"line":52,"column":5}},"loc":{"start":{"line":50,"column":4},"end":{"line":52,"column":5}},"line":50}},"f":{"0":14,"1":9,"2":8,"3":2}}
}
