TN:
SF:src/ApiServer.ts
FN:9,ApiServer
FN:19,start
FN:27,stop
FN:32,getAverage
FNF:4
FNH:3
FNDA:5,ApiServer
FNDA:4,start
FNDA:1,stop
FNDA:0,getAverage
DA:1,1
DA:2,1
DA:3,1
DA:4,1
DA:5,1
DA:6,1
DA:7,1
DA:8,1
DA:9,1
DA:10,5
DA:11,5
DA:12,5
DA:13,5
DA:14,5
DA:15,5
DA:16,5
DA:17,5
DA:18,1
DA:19,1
DA:20,4
DA:21,4
DA:22,4
DA:23,4
DA:24,4
DA:25,4
DA:26,1
DA:27,1
DA:28,1
DA:29,1
DA:30,1
DA:31,1
DA:32,1
DA:33,0
DA:34,0
DA:35,1
LF:35
LH:33
BRDA:9,0,0,5
BRDA:19,1,0,4
BRDA:20,2,0,4
BRDA:27,3,0,1
BRF:4
BRH:4
end_of_record
