TN:
SF:src/ApiServer.ts
FN:9,ApiServer
FN:19,start
FN:27,stop
FN:46,getAverage
FNF:4
FNH:3
FNDA:11,ApiServer
FNDA:8,start
FNDA:7,stop
FNDA:0,getAverage
DA:1,1
DA:2,1
DA:3,1
DA:4,1
DA:5,1
DA:6,1
DA:7,1
DA:8,1
DA:9,1
DA:10,11
DA:11,11
DA:12,11
DA:13,11
DA:14,11
DA:15,11
DA:16,11
DA:17,11
DA:18,1
DA:19,1
DA:20,8
DA:21,8
DA:22,8
DA:23,8
DA:24,8
DA:25,8
DA:26,1
DA:27,1
DA:28,7
DA:29,7
DA:30,2
DA:31,2
DA:32,5
DA:33,5
DA:34,5
DA:35,5
DA:36,2
DA:37,2
DA:38,2
DA:39,3
DA:40,3
DA:41,3
DA:42,5
DA:43,7
DA:44,7
DA:45,1
DA:46,1
DA:47,0
DA:48,0
DA:49,1
LF:49
LH:47
BRDA:9,0,0,11
BRDA:19,1,0,8
BRDA:20,2,0,8
BRDA:27,3,0,7
BRDA:28,4,0,7
BRDA:29,5,0,2
BRDA:32,6,0,5
BRDA:34,7,0,5
BRDA:35,8,0,2
BRDA:39,9,0,3
BRF:10
BRH:10
end_of_record
